<?xml version="1.0" encoding="UTF-8"?>
<!-- Generated by org.testng.reporters.JUnitXMLReporter -->
<testsuite ignored="0" hostname="DESKTOP-644HN6S" failures="4" tests="4" name="Test(failed)(failed)" time="38.453" errors="0" timestamp="2024-08-23T18:51:35 IST">
  <testcase classname="TestCases.TC_002_Login_DDT" name="Login_with_DDT" time="0.896">
    <failure type="java.lang.AssertionError" message="null">
      <![CDATA[java.lang.AssertionError: null
at TestCases.TC_002_Login_DDT.Login_with_DDT(TC_002_Login_DDT.java:63)
at java.base/java.util.ArrayList.forEach(ArrayList.java:1596)
... Removed 27 stack frames]]>
    </failure>
  </testcase> <!-- Login_with_DDT -->
  <testcase classname="TestCases.TC_003_RegistrionTest" name="Test_Registrion_Funcationality" time="4.281">
    <failure type="java.lang.AssertionError" message="expected [admin] but found []">
      <![CDATA[java.lang.AssertionError: expected [admin] but found []
at TestCases.TC_003_RegistrionTest.Test_Registrion_Funcationality(TC_003_RegistrionTest.java:30)
at java.base/java.util.ArrayList.forEach(ArrayList.java:1596)
... Removed 31 stack frames]]>
    </failure>
  </testcase> <!-- Test_Registrion_Funcationality -->
  <testcase classname="TestCases.TC_003_RegistrionTest" name="Test_Registrion_Funcationality" time="4.41">
    <failure type="java.lang.AssertionError" message="expected [] but found [admin]">
      <![CDATA[java.lang.AssertionError: expected [] but found [admin]
at TestCases.TC_003_RegistrionTest.Test_Registrion_Funcationality(TC_003_RegistrionTest.java:30)
at java.base/java.util.ArrayList.forEach(ArrayList.java:1596)
... Removed 31 stack frames]]>
    </failure>
  </testcase> <!-- Test_Registrion_Funcationality -->
  <testcase classname="TestCases.TC_003_RegistrionTest" name="Test_Registrion_Funcationality" time="0.965">
    <failure type="java.lang.AssertionError" message="null">
      <![CDATA[java.lang.AssertionError: null
at TestCases.TC_003_RegistrionTest.Test_Registrion_Funcationality(TC_003_RegistrionTest.java:34)
at java.base/java.util.ArrayList.forEach(ArrayList.java:1596)
... Removed 27 stack frames]]>
    </failure>
  </testcase> <!-- Test_Registrion_Funcationality -->
</testsuite> <!-- Test(failed)(failed) -->
