<?xml version="1.0" encoding="UTF-8"?>
<!-- Generated by org.testng.reporters.JUnitXMLReporter -->
<testsuite ignored="0" hostname="DESKTOP-644HN6S" failures="4" tests="15" name="Test" time="51.421" errors="0" timestamp="2024-09-03T20:50:34 IST">
  <testcase classname="TestCases.TC_001_login_Functionality" name="Test_Loginfuncationality" time="2.276"/>
  <testcase classname="TestCases.TC_002_Login_DDT" name="Login_with_DDT" time="2.086"/>
  <testcase classname="TestCases.TC_002_Login_DDT" name="Login_with_DDT" time="6.254"/>
  <testcase classname="TestCases.TC_002_Login_DDT" name="Login_with_DDT" time="7.108"/>
  <testcase classname="TestCases.TC_002_Login_DDT" name="Login_with_DDT" time="11.286"/>
  <testcase classname="TestCases.TC_002_Login_DDT" name="Login_with_DDT" time="1.039">
    <failure type="java.lang.AssertionError" message="null">
      <![CDATA[java.lang.AssertionError: null
at TestCases.TC_002_Login_DDT.Login_with_DDT(TC_002_Login_DDT.java:65)
at java.base/java.util.ArrayList.forEach(ArrayList.java:1596)
... Removed 27 stack frames]]>
    </failure>
  </testcase> <!-- Login_with_DDT -->
  <testcase classname="TestCases.TC_002_Login_DDT" name="desktop_beforelogin_functionality" time="0.971"/>
  <testcase classname="TestCases.TC_003_RegistrionTest" name="Test_Registrion_Funcationality" time="1.192"/>
  <testcase classname="TestCases.TC_003_RegistrionTest" name="Test_Registrion_Funcationality" time="0.785"/>
  <testcase classname="TestCases.TC_003_RegistrionTest" name="Test_Registrion_Funcationality" time="0.729"/>
  <testcase classname="TestCases.TC_003_RegistrionTest" name="Test_Registrion_Funcationality" time="0.755"/>
  <testcase classname="TestCases.TC_003_RegistrionTest" name="Test_Registrion_Funcationality" time="0.718"/>
  <testcase classname="TestCases.TC_003_RegistrionTest" name="Test_Registrion_Funcationality" time="0.827">
    <failure type="java.lang.AssertionError" message="expected [admin] but found []">
      <![CDATA[java.lang.AssertionError: expected [admin] but found []
at TestCases.TC_003_RegistrionTest.Test_Registrion_Funcationality(TC_003_RegistrionTest.java:29)
at java.base/java.util.ArrayList.forEach(ArrayList.java:1596)
... Removed 31 stack frames]]>
    </failure>
  </testcase> <!-- Test_Registrion_Funcationality -->
  <testcase classname="TestCases.TC_003_RegistrionTest" name="Test_Registrion_Funcationality" time="0.757">
    <failure type="java.lang.AssertionError" message="expected [] but found [admin]">
      <![CDATA[java.lang.AssertionError: expected [] but found [admin]
at TestCases.TC_003_RegistrionTest.Test_Registrion_Funcationality(TC_003_RegistrionTest.java:29)
at java.base/java.util.ArrayList.forEach(ArrayList.java:1596)
... Removed 31 stack frames]]>
    </failure>
  </testcase> <!-- Test_Registrion_Funcationality -->
  <testcase classname="TestCases.TC_003_RegistrionTest" name="Test_Registrion_Funcationality" time="0.352">
    <failure type="java.lang.AssertionError" message="null">
      <![CDATA[java.lang.AssertionError: null
at TestCases.TC_003_RegistrionTest.Test_Registrion_Funcationality(TC_003_RegistrionTest.java:33)
at java.base/java.util.ArrayList.forEach(ArrayList.java:1596)
... Removed 27 stack frames]]>
    </failure>
  </testcase> <!-- Test_Registrion_Funcationality -->
</testsuite> <!-- Test -->
