<?xml version="1.0" encoding="UTF-8"?>
<testng-results ignored="0" total="15" passed="11" failed="4" skipped="0">
  <reporter-output>
  </reporter-output>
  <suite started-at="2024-09-03T20:49:43 IST" name="Suite" finished-at="2024-09-03T20:50:34 IST" duration-ms="51421">
    <groups>
      <group name="regression">
        <method signature="TC_003_RegistrionTest.Test_Registrion_Funcationality(java.lang.String,java.lang.String,java.lang.String,java.lang.String,java.lang.String,java.lang.String)[pri:0, instance:TestCases.TC_003_RegistrionTest@7e3060d8]" name="Test_Registrion_Funcationality" class="TestCases.TC_003_RegistrionTest"/>
      </group> <!-- regression -->
      <group name="DataDriven">
        <method signature="TC_002_Login_DDT.Login_with_DDT(java.lang.String,java.lang.String,java.lang.String)[pri:0, instance:TestCases.TC_002_Login_DDT@7fc44dec]" name="Login_with_DDT" class="TestCases.TC_002_Login_DDT"/>
        <method signature="TC_003_RegistrionTest.Test_Registrion_Funcationality(java.lang.String,java.lang.String,java.lang.String,java.lang.String,java.lang.String,java.lang.String)[pri:0, instance:TestCases.TC_003_RegistrionTest@7e3060d8]" name="Test_Registrion_Funcationality" class="TestCases.TC_003_RegistrionTest"/>
      </group> <!-- DataDriven -->
      <group name="sanity">
        <method signature="TC_001_login_Functionality.Test_Loginfuncationality()[pri:0, instance:TestCases.TC_001_login_Functionality@4d098f9b]" name="Test_Loginfuncationality" class="TestCases.TC_001_login_Functionality"/>
        <method signature="TC_002_Login_DDT.desktop_beforelogin_functionality()[pri:0, instance:TestCases.TC_002_Login_DDT@7fc44dec]" name="desktop_beforelogin_functionality" class="TestCases.TC_002_Login_DDT"/>
      </group> <!-- sanity -->
      <group name="master">
        <method signature="TC_001_login_Functionality.Test_Loginfuncationality()[pri:0, instance:TestCases.TC_001_login_Functionality@4d098f9b]" name="Test_Loginfuncationality" class="TestCases.TC_001_login_Functionality"/>
        <method signature="TC_002_Login_DDT.Login_with_DDT(java.lang.String,java.lang.String,java.lang.String)[pri:0, instance:TestCases.TC_002_Login_DDT@7fc44dec]" name="Login_with_DDT" class="TestCases.TC_002_Login_DDT"/>
        <method signature="TC_002_Login_DDT.desktop_beforelogin_functionality()[pri:0, instance:TestCases.TC_002_Login_DDT@7fc44dec]" name="desktop_beforelogin_functionality" class="TestCases.TC_002_Login_DDT"/>
      </group> <!-- master -->
    </groups>
    <test started-at="2024-09-03T20:49:43 IST" name="Test" finished-at="2024-09-03T20:50:34 IST" duration-ms="51421">
      <class name="TestCases.TC_003_RegistrionTest">
        <test-method is-config="true" signature="setup(java.lang.String,java.lang.String)[pri:0, instance:TestCases.TC_003_RegistrionTest@7e3060d8]" started-at="2024-09-03T20:50:23 IST" name="setup" finished-at="2024-09-03T20:50:27 IST" duration-ms="3532" status="PASS">
          <params>
            <param index="0">
              <value>
                <![CDATA[chrome]]>
              </value>
            </param>
            <param index="1">
              <value>
                <![CDATA[windows]]>
              </value>
            </param>
          </params>
          <reporter-output>
          </reporter-output>
        </test-method> <!-- setup -->
        <test-method signature="Test_Registrion_Funcationality(java.lang.String,java.lang.String,java.lang.String,java.lang.String,java.lang.String,java.lang.String)[pri:0, instance:TestCases.TC_003_RegistrionTest@7e3060d8]" started-at="2024-09-03T20:50:28 IST" name="Test_Registrion_Funcationality" data-provider="registion_data" finished-at="2024-09-03T20:50:29 IST" duration-ms="1192" status="PASS">
          <params>
            <param index="0">
              <value>
                <![CDATA[chandrakiran]]>
              </value>
            </param>
            <param index="1">
              <value>
                <![CDATA[chilukoti]]>
              </value>
            </param>
            <param index="2">
              <value>
                <![CDATA[8500711532]]>
              </value>
            </param>
            <param index="3">
              <value>
                <![CDATA[admin]]>
              </value>
            </param>
            <param index="4">
              <value>
                <![CDATA[admin]]>
              </value>
            </param>
            <param index="5">
              <value>
                <![CDATA[valid]]>
              </value>
            </param>
          </params>
          <reporter-output>
          </reporter-output>
        </test-method> <!-- Test_Registrion_Funcationality -->
        <test-method signature="Test_Registrion_Funcationality(java.lang.String,java.lang.String,java.lang.String,java.lang.String,java.lang.String,java.lang.String)[pri:0, instance:TestCases.TC_003_RegistrionTest@7e3060d8]" started-at="2024-09-03T20:50:29 IST" name="Test_Registrion_Funcationality" data-provider="registion_data" finished-at="2024-09-03T20:50:30 IST" duration-ms="785" status="PASS">
          <params>
            <param index="0">
              <value>
                <![CDATA[]]>
              </value>
            </param>
            <param index="1">
              <value>
                <![CDATA[chilukoti]]>
              </value>
            </param>
            <param index="2">
              <value>
                <![CDATA[8500711532]]>
              </value>
            </param>
            <param index="3">
              <value>
                <![CDATA[admin]]>
              </value>
            </param>
            <param index="4">
              <value>
                <![CDATA[admin]]>
              </value>
            </param>
            <param index="5">
              <value>
                <![CDATA[invalid]]>
              </value>
            </param>
          </params>
          <reporter-output>
          </reporter-output>
        </test-method> <!-- Test_Registrion_Funcationality -->
        <test-method signature="Test_Registrion_Funcationality(java.lang.String,java.lang.String,java.lang.String,java.lang.String,java.lang.String,java.lang.String)[pri:0, instance:TestCases.TC_003_RegistrionTest@7e3060d8]" started-at="2024-09-03T20:50:30 IST" name="Test_Registrion_Funcationality" data-provider="registion_data" finished-at="2024-09-03T20:50:30 IST" duration-ms="729" status="PASS">
          <params>
            <param index="0">
              <value>
                <![CDATA[chandrakiran]]>
              </value>
            </param>
            <param index="1">
              <value>
                <![CDATA[]]>
              </value>
            </param>
            <param index="2">
              <value>
                <![CDATA[8500711532]]>
              </value>
            </param>
            <param index="3">
              <value>
                <![CDATA[admin]]>
              </value>
            </param>
            <param index="4">
              <value>
                <![CDATA[admin]]>
              </value>
            </param>
            <param index="5">
              <value>
                <![CDATA[invalid]]>
              </value>
            </param>
          </params>
          <reporter-output>
          </reporter-output>
        </test-method> <!-- Test_Registrion_Funcationality -->
        <test-method signature="Test_Registrion_Funcationality(java.lang.String,java.lang.String,java.lang.String,java.lang.String,java.lang.String,java.lang.String)[pri:0, instance:TestCases.TC_003_RegistrionTest@7e3060d8]" started-at="2024-09-03T20:50:30 IST" name="Test_Registrion_Funcationality" data-provider="registion_data" finished-at="2024-09-03T20:50:31 IST" duration-ms="755" status="PASS">
          <params>
            <param index="0">
              <value>
                <![CDATA[chandrakiran]]>
              </value>
            </param>
            <param index="1">
              <value>
                <![CDATA[chilukoti]]>
              </value>
            </param>
            <param index="2">
              <value>
                <![CDATA[8500711532]]>
              </value>
            </param>
            <param index="3">
              <value>
                <![CDATA[admin]]>
              </value>
            </param>
            <param index="4">
              <value>
                <![CDATA[admin]]>
              </value>
            </param>
            <param index="5">
              <value>
                <![CDATA[invalid]]>
              </value>
            </param>
          </params>
          <reporter-output>
          </reporter-output>
        </test-method> <!-- Test_Registrion_Funcationality -->
        <test-method signature="Test_Registrion_Funcationality(java.lang.String,java.lang.String,java.lang.String,java.lang.String,java.lang.String,java.lang.String)[pri:0, instance:TestCases.TC_003_RegistrionTest@7e3060d8]" started-at="2024-09-03T20:50:31 IST" name="Test_Registrion_Funcationality" data-provider="registion_data" finished-at="2024-09-03T20:50:32 IST" duration-ms="718" status="PASS">
          <params>
            <param index="0">
              <value>
                <![CDATA[chandrakiran]]>
              </value>
            </param>
            <param index="1">
              <value>
                <![CDATA[chilukoti]]>
              </value>
            </param>
            <param index="2">
              <value>
                <![CDATA[]]>
              </value>
            </param>
            <param index="3">
              <value>
                <![CDATA[admin]]>
              </value>
            </param>
            <param index="4">
              <value>
                <![CDATA[admin]]>
              </value>
            </param>
            <param index="5">
              <value>
                <![CDATA[invalid]]>
              </value>
            </param>
          </params>
          <reporter-output>
          </reporter-output>
        </test-method> <!-- Test_Registrion_Funcationality -->
        <test-method signature="Test_Registrion_Funcationality(java.lang.String,java.lang.String,java.lang.String,java.lang.String,java.lang.String,java.lang.String)[pri:0, instance:TestCases.TC_003_RegistrionTest@7e3060d8]" started-at="2024-09-03T20:50:32 IST" name="Test_Registrion_Funcationality" data-provider="registion_data" finished-at="2024-09-03T20:50:33 IST" duration-ms="827" status="FAIL">
          <params>
            <param index="0">
              <value>
                <![CDATA[chandrakiran]]>
              </value>
            </param>
            <param index="1">
              <value>
                <![CDATA[chilukoti]]>
              </value>
            </param>
            <param index="2">
              <value>
                <![CDATA[8500711532]]>
              </value>
            </param>
            <param index="3">
              <value>
                <![CDATA[]]>
              </value>
            </param>
            <param index="4">
              <value>
                <![CDATA[admin]]>
              </value>
            </param>
            <param index="5">
              <value>
                <![CDATA[invalid]]>
              </value>
            </param>
          </params>
          <exception class="java.lang.AssertionError">
            <message>
              <![CDATA[expected [admin] but found []]]>
            </message>
            <full-stacktrace>
              <![CDATA[java.lang.AssertionError: expected [admin] but found []
at org.testng.Assert.fail(Assert.java:111)
at org.testng.Assert.failNotEquals(Assert.java:1578)
at org.testng.Assert.assertEqualsImpl(Assert.java:150)
at org.testng.Assert.assertEquals(Assert.java:132)
at org.testng.Assert.assertEquals(Assert.java:656)
at org.testng.Assert.assertEquals(Assert.java:666)
at TestCases.TC_003_RegistrionTest.Test_Registrion_Funcationality(TC_003_RegistrionTest.java:29)
at java.base/jdk.internal.reflect.DirectMethodHandleAccessor.invoke(DirectMethodHandleAccessor.java:103)
at java.base/java.lang.reflect.Method.invoke(Method.java:580)
at org.testng.internal.invokers.MethodInvocationHelper.invokeMethod(MethodInvocationHelper.java:141)
at org.testng.internal.invokers.TestInvoker.invokeMethod(TestInvoker.java:686)
at org.testng.internal.invokers.TestInvoker.invokeTestMethod(TestInvoker.java:230)
at org.testng.internal.invokers.MethodRunner.runInSequence(MethodRunner.java:63)
at org.testng.internal.invokers.TestInvoker$MethodInvocationAgent.invoke(TestInvoker.java:992)
at org.testng.internal.invokers.TestInvoker.invokeTestMethods(TestInvoker.java:203)
at org.testng.internal.invokers.TestMethodWorker.invokeTestMethods(TestMethodWorker.java:154)
at org.testng.internal.invokers.TestMethodWorker.run(TestMethodWorker.java:134)
at java.base/java.util.ArrayList.forEach(ArrayList.java:1596)
at org.testng.TestRunner.privateRun(TestRunner.java:739)
at org.testng.TestRunner.run(TestRunner.java:614)
at org.testng.SuiteRunner.runTest(SuiteRunner.java:421)
at org.testng.SuiteRunner.runSequentially(SuiteRunner.java:413)
at org.testng.SuiteRunner.privateRun(SuiteRunner.java:373)
at org.testng.SuiteRunner.run(SuiteRunner.java:312)
at org.testng.SuiteRunnerWorker.runSuite(SuiteRunnerWorker.java:52)
at org.testng.SuiteRunnerWorker.run(SuiteRunnerWorker.java:95)
at org.testng.TestNG.runSuitesSequentially(TestNG.java:1274)
at org.testng.TestNG.runSuitesLocally(TestNG.java:1208)
at org.testng.TestNG.runSuites(TestNG.java:1112)
at org.testng.TestNG.run(TestNG.java:1079)
at org.testng.remote.AbstractRemoteTestNG.run(AbstractRemoteTestNG.java:115)
at org.testng.remote.RemoteTestNG.initAndRun(RemoteTestNG.java:293)
at org.testng.remote.RemoteTestNG.main(RemoteTestNG.java:91)
]]>
            </full-stacktrace>
          </exception> <!-- java.lang.AssertionError -->
          <reporter-output>
          </reporter-output>
        </test-method> <!-- Test_Registrion_Funcationality -->
        <test-method signature="Test_Registrion_Funcationality(java.lang.String,java.lang.String,java.lang.String,java.lang.String,java.lang.String,java.lang.String)[pri:0, instance:TestCases.TC_003_RegistrionTest@7e3060d8]" started-at="2024-09-03T20:50:33 IST" name="Test_Registrion_Funcationality" data-provider="registion_data" finished-at="2024-09-03T20:50:34 IST" duration-ms="757" status="FAIL">
          <params>
            <param index="0">
              <value>
                <![CDATA[chandrakiran]]>
              </value>
            </param>
            <param index="1">
              <value>
                <![CDATA[chilukoti]]>
              </value>
            </param>
            <param index="2">
              <value>
                <![CDATA[8500711532]]>
              </value>
            </param>
            <param index="3">
              <value>
                <![CDATA[admin]]>
              </value>
            </param>
            <param index="4">
              <value>
                <![CDATA[]]>
              </value>
            </param>
            <param index="5">
              <value>
                <![CDATA[invalid]]>
              </value>
            </param>
          </params>
          <exception class="java.lang.AssertionError">
            <message>
              <![CDATA[expected [] but found [admin]]]>
            </message>
            <full-stacktrace>
              <![CDATA[java.lang.AssertionError: expected [] but found [admin]
at org.testng.Assert.fail(Assert.java:111)
at org.testng.Assert.failNotEquals(Assert.java:1578)
at org.testng.Assert.assertEqualsImpl(Assert.java:150)
at org.testng.Assert.assertEquals(Assert.java:132)
at org.testng.Assert.assertEquals(Assert.java:656)
at org.testng.Assert.assertEquals(Assert.java:666)
at TestCases.TC_003_RegistrionTest.Test_Registrion_Funcationality(TC_003_RegistrionTest.java:29)
at java.base/jdk.internal.reflect.DirectMethodHandleAccessor.invoke(DirectMethodHandleAccessor.java:103)
at java.base/java.lang.reflect.Method.invoke(Method.java:580)
at org.testng.internal.invokers.MethodInvocationHelper.invokeMethod(MethodInvocationHelper.java:141)
at org.testng.internal.invokers.TestInvoker.invokeMethod(TestInvoker.java:686)
at org.testng.internal.invokers.TestInvoker.invokeTestMethod(TestInvoker.java:230)
at org.testng.internal.invokers.MethodRunner.runInSequence(MethodRunner.java:63)
at org.testng.internal.invokers.TestInvoker$MethodInvocationAgent.invoke(TestInvoker.java:992)
at org.testng.internal.invokers.TestInvoker.invokeTestMethods(TestInvoker.java:203)
at org.testng.internal.invokers.TestMethodWorker.invokeTestMethods(TestMethodWorker.java:154)
at org.testng.internal.invokers.TestMethodWorker.run(TestMethodWorker.java:134)
at java.base/java.util.ArrayList.forEach(ArrayList.java:1596)
at org.testng.TestRunner.privateRun(TestRunner.java:739)
at org.testng.TestRunner.run(TestRunner.java:614)
at org.testng.SuiteRunner.runTest(SuiteRunner.java:421)
at org.testng.SuiteRunner.runSequentially(SuiteRunner.java:413)
at org.testng.SuiteRunner.privateRun(SuiteRunner.java:373)
at org.testng.SuiteRunner.run(SuiteRunner.java:312)
at org.testng.SuiteRunnerWorker.runSuite(SuiteRunnerWorker.java:52)
at org.testng.SuiteRunnerWorker.run(SuiteRunnerWorker.java:95)
at org.testng.TestNG.runSuitesSequentially(TestNG.java:1274)
at org.testng.TestNG.runSuitesLocally(TestNG.java:1208)
at org.testng.TestNG.runSuites(TestNG.java:1112)
at org.testng.TestNG.run(TestNG.java:1079)
at org.testng.remote.AbstractRemoteTestNG.run(AbstractRemoteTestNG.java:115)
at org.testng.remote.RemoteTestNG.initAndRun(RemoteTestNG.java:293)
at org.testng.remote.RemoteTestNG.main(RemoteTestNG.java:91)
]]>
            </full-stacktrace>
          </exception> <!-- java.lang.AssertionError -->
          <reporter-output>
          </reporter-output>
        </test-method> <!-- Test_Registrion_Funcationality -->
        <test-method signature="Test_Registrion_Funcationality(java.lang.String,java.lang.String,java.lang.String,java.lang.String,java.lang.String,java.lang.String)[pri:0, instance:TestCases.TC_003_RegistrionTest@7e3060d8]" started-at="2024-09-03T20:50:34 IST" name="Test_Registrion_Funcationality" data-provider="registion_data" finished-at="2024-09-03T20:50:34 IST" duration-ms="352" status="FAIL">
          <params>
            <param index="0">
              <value is-null="true"/>
            </param>
            <param index="1">
              <value is-null="true"/>
            </param>
            <param index="2">
              <value is-null="true"/>
            </param>
            <param index="3">
              <value is-null="true"/>
            </param>
            <param index="4">
              <value is-null="true"/>
            </param>
            <param index="5">
              <value is-null="true"/>
            </param>
          </params>
          <exception class="java.lang.AssertionError">
            <message>
              <![CDATA[null]]>
            </message>
            <full-stacktrace>
              <![CDATA[java.lang.AssertionError: null
at org.testng.Assert.fail(Assert.java:111)
at org.testng.Assert.fail(Assert.java:116)
at TestCases.TC_003_RegistrionTest.Test_Registrion_Funcationality(TC_003_RegistrionTest.java:33)
at java.base/jdk.internal.reflect.DirectMethodHandleAccessor.invoke(DirectMethodHandleAccessor.java:103)
at java.base/java.lang.reflect.Method.invoke(Method.java:580)
at org.testng.internal.invokers.MethodInvocationHelper.invokeMethod(MethodInvocationHelper.java:141)
at org.testng.internal.invokers.TestInvoker.invokeMethod(TestInvoker.java:686)
at org.testng.internal.invokers.TestInvoker.invokeTestMethod(TestInvoker.java:230)
at org.testng.internal.invokers.MethodRunner.runInSequence(MethodRunner.java:63)
at org.testng.internal.invokers.TestInvoker$MethodInvocationAgent.invoke(TestInvoker.java:992)
at org.testng.internal.invokers.TestInvoker.invokeTestMethods(TestInvoker.java:203)
at org.testng.internal.invokers.TestMethodWorker.invokeTestMethods(TestMethodWorker.java:154)
at org.testng.internal.invokers.TestMethodWorker.run(TestMethodWorker.java:134)
at java.base/java.util.ArrayList.forEach(ArrayList.java:1596)
at org.testng.TestRunner.privateRun(TestRunner.java:739)
at org.testng.TestRunner.run(TestRunner.java:614)
at org.testng.SuiteRunner.runTest(SuiteRunner.java:421)
at org.testng.SuiteRunner.runSequentially(SuiteRunner.java:413)
at org.testng.SuiteRunner.privateRun(SuiteRunner.java:373)
at org.testng.SuiteRunner.run(SuiteRunner.java:312)
at org.testng.SuiteRunnerWorker.runSuite(SuiteRunnerWorker.java:52)
at org.testng.SuiteRunnerWorker.run(SuiteRunnerWorker.java:95)
at org.testng.TestNG.runSuitesSequentially(TestNG.java:1274)
at org.testng.TestNG.runSuitesLocally(TestNG.java:1208)
at org.testng.TestNG.runSuites(TestNG.java:1112)
at org.testng.TestNG.run(TestNG.java:1079)
at org.testng.remote.AbstractRemoteTestNG.run(AbstractRemoteTestNG.java:115)
at org.testng.remote.RemoteTestNG.initAndRun(RemoteTestNG.java:293)
at org.testng.remote.RemoteTestNG.main(RemoteTestNG.java:91)
]]>
            </full-stacktrace>
          </exception> <!-- java.lang.AssertionError -->
          <reporter-output>
          </reporter-output>
        </test-method> <!-- Test_Registrion_Funcationality -->
        <test-method is-config="true" signature="teardown()[pri:0, instance:TestCases.TC_003_RegistrionTest@7e3060d8]" started-at="2024-09-03T20:50:34 IST" name="teardown" finished-at="2024-09-03T20:50:34 IST" duration-ms="113" status="PASS">
          <reporter-output>
          </reporter-output>
        </test-method> <!-- teardown -->
      </class> <!-- TestCases.TC_003_RegistrionTest -->
      <class name="TestCases.TC_002_Login_DDT">
        <test-method is-config="true" signature="setup(java.lang.String,java.lang.String)[pri:0, instance:TestCases.TC_002_Login_DDT@7fc44dec]" started-at="2024-09-03T20:49:50 IST" name="setup" finished-at="2024-09-03T20:49:54 IST" duration-ms="3307" status="PASS">
          <params>
            <param index="0">
              <value>
                <![CDATA[chrome]]>
              </value>
            </param>
            <param index="1">
              <value>
                <![CDATA[windows]]>
              </value>
            </param>
          </params>
          <reporter-output>
          </reporter-output>
        </test-method> <!-- setup -->
        <test-method signature="Login_with_DDT(java.lang.String,java.lang.String,java.lang.String)[pri:0, instance:TestCases.TC_002_Login_DDT@7fc44dec]" started-at="2024-09-03T20:49:54 IST" name="Login_with_DDT" data-provider="Login_Data" finished-at="2024-09-03T20:49:57 IST" duration-ms="2086" status="PASS">
          <params>
            <param index="0">
              <value>
                <![CDATA[chandrakiranchilukoti.QA@gmail.com]]>
              </value>
            </param>
            <param index="1">
              <value>
                <![CDATA[admin]]>
              </value>
            </param>
            <param index="2">
              <value>
                <![CDATA[valid]]>
              </value>
            </param>
          </params>
          <reporter-output>
          </reporter-output>
        </test-method> <!-- Login_with_DDT -->
        <test-method signature="Login_with_DDT(java.lang.String,java.lang.String,java.lang.String)[pri:0, instance:TestCases.TC_002_Login_DDT@7fc44dec]" started-at="2024-09-03T20:49:57 IST" name="Login_with_DDT" data-provider="Login_Data" finished-at="2024-09-03T20:50:03 IST" duration-ms="6254" status="PASS">
          <params>
            <param index="0">
              <value>
                <![CDATA[chandu@gamil.com]]>
              </value>
            </param>
            <param index="1">
              <value>
                <![CDATA[chandu]]>
              </value>
            </param>
            <param index="2">
              <value>
                <![CDATA[invalid]]>
              </value>
            </param>
          </params>
          <reporter-output>
          </reporter-output>
        </test-method> <!-- Login_with_DDT -->
        <test-method signature="Login_with_DDT(java.lang.String,java.lang.String,java.lang.String)[pri:0, instance:TestCases.TC_002_Login_DDT@7fc44dec]" started-at="2024-09-03T20:50:03 IST" name="Login_with_DDT" data-provider="Login_Data" finished-at="2024-09-03T20:50:10 IST" duration-ms="7108" status="PASS">
          <params>
            <param index="0">
              <value>
                <![CDATA[kiran@gmail.com]]>
              </value>
            </param>
            <param index="1">
              <value>
                <![CDATA[kiran]]>
              </value>
            </param>
            <param index="2">
              <value>
                <![CDATA[invalid]]>
              </value>
            </param>
          </params>
          <reporter-output>
          </reporter-output>
        </test-method> <!-- Login_with_DDT -->
        <test-method signature="Login_with_DDT(java.lang.String,java.lang.String,java.lang.String)[pri:0, instance:TestCases.TC_002_Login_DDT@7fc44dec]" started-at="2024-09-03T20:50:10 IST" name="Login_with_DDT" data-provider="Login_Data" finished-at="2024-09-03T20:50:21 IST" duration-ms="11286" status="PASS">
          <params>
            <param index="0">
              <value>
                <![CDATA[mohan@gmail.com]]>
              </value>
            </param>
            <param index="1">
              <value>
                <![CDATA[mohan]]>
              </value>
            </param>
            <param index="2">
              <value>
                <![CDATA[invalid]]>
              </value>
            </param>
          </params>
          <reporter-output>
          </reporter-output>
        </test-method> <!-- Login_with_DDT -->
        <test-method signature="Login_with_DDT(java.lang.String,java.lang.String,java.lang.String)[pri:0, instance:TestCases.TC_002_Login_DDT@7fc44dec]" started-at="2024-09-03T20:50:21 IST" name="Login_with_DDT" data-provider="Login_Data" finished-at="2024-09-03T20:50:22 IST" duration-ms="1039" status="FAIL">
          <params>
            <param index="0">
              <value is-null="true"/>
            </param>
            <param index="1">
              <value is-null="true"/>
            </param>
            <param index="2">
              <value is-null="true"/>
            </param>
          </params>
          <exception class="java.lang.AssertionError">
            <message>
              <![CDATA[null]]>
            </message>
            <full-stacktrace>
              <![CDATA[java.lang.AssertionError: null
at org.testng.Assert.fail(Assert.java:111)
at org.testng.Assert.fail(Assert.java:116)
at TestCases.TC_002_Login_DDT.Login_with_DDT(TC_002_Login_DDT.java:65)
at java.base/jdk.internal.reflect.DirectMethodHandleAccessor.invoke(DirectMethodHandleAccessor.java:103)
at java.base/java.lang.reflect.Method.invoke(Method.java:580)
at org.testng.internal.invokers.MethodInvocationHelper.invokeMethod(MethodInvocationHelper.java:141)
at org.testng.internal.invokers.TestInvoker.invokeMethod(TestInvoker.java:686)
at org.testng.internal.invokers.TestInvoker.invokeTestMethod(TestInvoker.java:230)
at org.testng.internal.invokers.MethodRunner.runInSequence(MethodRunner.java:63)
at org.testng.internal.invokers.TestInvoker$MethodInvocationAgent.invoke(TestInvoker.java:992)
at org.testng.internal.invokers.TestInvoker.invokeTestMethods(TestInvoker.java:203)
at org.testng.internal.invokers.TestMethodWorker.invokeTestMethods(TestMethodWorker.java:154)
at org.testng.internal.invokers.TestMethodWorker.run(TestMethodWorker.java:134)
at java.base/java.util.ArrayList.forEach(ArrayList.java:1596)
at org.testng.TestRunner.privateRun(TestRunner.java:739)
at org.testng.TestRunner.run(TestRunner.java:614)
at org.testng.SuiteRunner.runTest(SuiteRunner.java:421)
at org.testng.SuiteRunner.runSequentially(SuiteRunner.java:413)
at org.testng.SuiteRunner.privateRun(SuiteRunner.java:373)
at org.testng.SuiteRunner.run(SuiteRunner.java:312)
at org.testng.SuiteRunnerWorker.runSuite(SuiteRunnerWorker.java:52)
at org.testng.SuiteRunnerWorker.run(SuiteRunnerWorker.java:95)
at org.testng.TestNG.runSuitesSequentially(TestNG.java:1274)
at org.testng.TestNG.runSuitesLocally(TestNG.java:1208)
at org.testng.TestNG.runSuites(TestNG.java:1112)
at org.testng.TestNG.run(TestNG.java:1079)
at org.testng.remote.AbstractRemoteTestNG.run(AbstractRemoteTestNG.java:115)
at org.testng.remote.RemoteTestNG.initAndRun(RemoteTestNG.java:293)
at org.testng.remote.RemoteTestNG.main(RemoteTestNG.java:91)
]]>
            </full-stacktrace>
          </exception> <!-- java.lang.AssertionError -->
          <reporter-output>
          </reporter-output>
        </test-method> <!-- Login_with_DDT -->
        <test-method signature="desktop_beforelogin_functionality()[pri:0, instance:TestCases.TC_002_Login_DDT@7fc44dec]" started-at="2024-09-03T20:50:22 IST" name="desktop_beforelogin_functionality" finished-at="2024-09-03T20:50:23 IST" duration-ms="971" status="PASS">
          <reporter-output>
          </reporter-output>
        </test-method> <!-- desktop_beforelogin_functionality -->
        <test-method is-config="true" signature="teardown()[pri:0, instance:TestCases.TC_002_Login_DDT@7fc44dec]" started-at="2024-09-03T20:50:23 IST" name="teardown" finished-at="2024-09-03T20:50:23 IST" duration-ms="140" status="PASS">
          <reporter-output>
          </reporter-output>
        </test-method> <!-- teardown -->
      </class> <!-- TestCases.TC_002_Login_DDT -->
      <class name="TestCases.TC_001_login_Functionality">
        <test-method is-config="true" signature="setup(java.lang.String,java.lang.String)[pri:0, instance:TestCases.TC_001_login_Functionality@4d098f9b]" started-at="2024-09-03T20:49:43 IST" name="setup" finished-at="2024-09-03T20:49:48 IST" duration-ms="5125" status="PASS">
          <params>
            <param index="0">
              <value>
                <![CDATA[chrome]]>
              </value>
            </param>
            <param index="1">
              <value>
                <![CDATA[windows]]>
              </value>
            </param>
          </params>
          <reporter-output>
          </reporter-output>
        </test-method> <!-- setup -->
        <test-method signature="Test_Loginfuncationality()[pri:0, instance:TestCases.TC_001_login_Functionality@4d098f9b]" started-at="2024-09-03T20:49:48 IST" name="Test_Loginfuncationality" finished-at="2024-09-03T20:49:50 IST" duration-ms="2276" status="PASS">
          <reporter-output>
          </reporter-output>
        </test-method> <!-- Test_Loginfuncationality -->
        <test-method is-config="true" signature="teardown()[pri:0, instance:TestCases.TC_001_login_Functionality@4d098f9b]" started-at="2024-09-03T20:49:50 IST" name="teardown" finished-at="2024-09-03T20:49:50 IST" duration-ms="119" status="PASS">
          <reporter-output>
          </reporter-output>
        </test-method> <!-- teardown -->
      </class> <!-- TestCases.TC_001_login_Functionality -->
    </test> <!-- Test -->
  </suite> <!-- Suite -->
</testng-results>
